[debug] [2025-05-07T00:09:31.397Z] ----------------------------------------------------------------------
[debug] [2025-05-07T00:09:31.400Z] Command:       C:\Program Files\nodejs\node.exe C:\Users\josek\AppData\Roaming\npm\node_modules\firebase-tools\lib\bin\firebase.js init
[debug] [2025-05-07T00:09:31.400Z] CLI Version:   14.2.2
[debug] [2025-05-07T00:09:31.400Z] Platform:      win32
[debug] [2025-05-07T00:09:31.400Z] Node Version:  v22.14.0
[debug] [2025-05-07T00:09:31.401Z] Time:          Tue May 06 2025 19:09:31 GMT-0500 (Central Daylight Time)
[debug] [2025-05-07T00:09:31.401Z] ----------------------------------------------------------------------
[debug] 
[debug] [2025-05-07T00:09:31.407Z] > command requires scopes: ["email","openid","https://www.googleapis.com/auth/cloudplatformprojects.readonly","https://www.googleapis.com/auth/firebase","https://www.googleapis.com/auth/cloud-platform"]
[debug] [2025-05-07T00:09:31.407Z] > authorizing via signed-in user (josekutty01@gmail.com)
[info] 
     ######## #### ########  ######## ########     ###     ######  ########
     ##        ##  ##     ## ##       ##     ##  ##   ##  ##       ##
     ######    ##  ########  ######   ########  #########  ######  ######
     ##        ##  ##    ##  ##       ##     ## ##     ##       ## ##
     ##       #### ##     ## ######## ########  ##     ##  ######  ########

You're about to initialize a Firebase project in this directory:

  D:\project\school-bus-app

[info] 
=== Project Setup
[info] 
[info] First, let's associate this project directory with a Firebase project.
[info] You can create multiple project aliases by running firebase use --add, 
[info] but for now we'll just set up a default project.
[info] 
[debug] [2025-05-07T00:09:44.286Z] Checked if tokens are valid: false, expires at: 1746217500346
[debug] [2025-05-07T00:09:44.286Z] Checked if tokens are valid: false, expires at: 1746217500346
[debug] [2025-05-07T00:09:44.286Z] > refreshing access token with scopes: []
[debug] [2025-05-07T00:09:44.288Z] >>> [apiv2][query] POST https://www.googleapis.com/oauth2/v3/token [none]
[debug] [2025-05-07T00:09:44.288Z] >>> [apiv2][body] POST https://www.googleapis.com/oauth2/v3/token [omitted]
[debug] [2025-05-07T00:09:44.507Z] <<< [apiv2][status] POST https://www.googleapis.com/oauth2/v3/token 200
[debug] [2025-05-07T00:09:44.508Z] <<< [apiv2][body] POST https://www.googleapis.com/oauth2/v3/token [omitted]
[debug] [2025-05-07T00:09:44.517Z] >>> [apiv2][query] GET https://firebase.googleapis.com/v1beta1/projects pageSize=100
[debug] [2025-05-07T00:09:44.834Z] <<< [apiv2][status] GET https://firebase.googleapis.com/v1beta1/projects 200
[debug] [2025-05-07T00:09:44.834Z] <<< [apiv2][body] GET https://firebase.googleapis.com/v1beta1/projects [omitted]
[info] i  Using project yellow-bus-a29ab (Yellow Bus) 
[info] 
=== Hosting Setup
[debug] [2025-05-07T00:09:50.829Z] Checked if tokens are valid: true, expires at: 1746580183508
[debug] [2025-05-07T00:09:50.829Z] Checked if tokens are valid: true, expires at: 1746580183508
[debug] [2025-05-07T00:09:50.829Z] >>> [apiv2][query] GET https://firebase.googleapis.com/v1beta1/projects/yellow-bus-a29ab [none]
[debug] [2025-05-07T00:09:51.063Z] <<< [apiv2][status] GET https://firebase.googleapis.com/v1beta1/projects/yellow-bus-a29ab 200
[debug] [2025-05-07T00:09:51.064Z] <<< [apiv2][body] GET https://firebase.googleapis.com/v1beta1/projects/yellow-bus-a29ab {"projectId":"yellow-bus-a29ab","projectNumber":"23020286217","displayName":"Yellow Bus","name":"projects/yellow-bus-a29ab","resources":{"hostingSite":"yellow-bus-a29ab"},"state":"ACTIVE","etag":"1_5c4f936d-385f-4297-a7bc-ecb0dfe2ae48"}
[info] 
[info] Your public directory is the folder (relative to your project directory) that
[info] will contain Hosting assets to be uploaded with firebase deploy. If you
[info] have a build process for your assets, use your build's output directory.
[info] 
